<?xml version="1.0" encoding="UTF-8"?>
<!-- Generated by org.testng.reporters.JUnitReportReporter -->
<testsuite hostname="LAPTOP-AKHP4F57" failures="0" tests="1" name="variousconcepts.learnTestNG" time="2.585" errors="1" timestamp="2022-06-30T04:45:43 CDT" skipped="0">
  <testcase classname="variousconcepts.learnTestNG" name="loginTest" time="2.585">
    <error type="java.lang.StackOverflowError">
      <![CDATA[java.lang.StackOverflowError
at variousconcepts.learnTestNG.loginTest(learnTestNG.java:93)
at variousconcepts.learnTestNG.loginTest(learnTestNG.java:93)
at variousconcepts.learnTestNG.loginTest(learnTestNG.java:93)
at variousconcepts.learnTestNG.loginTest(learnTestNG.java:93)
at variousconcepts.learnTestNG.loginTest(learnTestNG.java:93)
at variousconcepts.learnTestNG.loginTest(learnTestNG.java:93)
at variousconcepts.learnTestNG.loginTest(learnTestNG.java:93)
at variousconcepts.learnTestNG.loginTest(learnTestNG.java:93)
at variousconcepts.learnTestNG.loginTest(learnTestNG.java:93)
at variousconcepts.learnTestNG.loginTest(learnTestNG.java:93)
at variousconcepts.learnTestNG.loginTest(learnTestNG.java:93)
at variousconcepts.learnTestNG.loginTest(learnTestNG.java:93)
at variousconcepts.learnTestNG.loginTest(learnTestNG.java:93)
at variousconcepts.learnTestNG.loginTest(learnTestNG.java:93)
at variousconcepts.learnTestNG.loginTest(learnTestNG.java:93)
at variousconcepts.learnTestNG.loginTest(learnTestNG.java:93)
at variousconcepts.learnTestNG.loginTest(learnTestNG.java:93)
at variousconcepts.learnTestNG.loginTest(learnTestNG.java:93)
at variousconcepts.learnTestNG.loginTest(learnTestNG.java:93)
at variousconcepts.learnTestNG.loginTest(learnTestNG.java:93)
at variousconcepts.learnTestNG.loginTest(learnTestNG.java:93)
at variousconcepts.learnTestNG.loginTest(learnTestNG.java:93)
at variousconcepts.learnTestNG.loginTest(learnTestNG.java:93)
at variousconcepts.learnTestNG.loginTest(learnTestNG.java:93)
at variousconcepts.learnTestNG.loginTest(learnTestNG.java:93)
at variousconcepts.learnTestNG.loginTest(learnTestNG.java:93)
at variousconcepts.learnTestNG.loginTest(learnTestNG.java:93)
at variousconcepts.learnTestNG.loginTest(learnTestNG.java:93)
at variousconcepts.learnTestNG.loginTest(learnTestNG.java:93)
at variousconcepts.learnTestNG.loginTest(learnTestNG.java:93)
at variousconcepts.learnTestNG.loginTest(learnTestNG.java:93)
at variousconcepts.learnTestNG.loginTest(learnTestNG.java:93)
at variousconcepts.learnTestNG.loginTest(learnTestNG.java:93)
at variousconcepts.learnTestNG.loginTest(learnTestNG.java:93)
at variousconcepts.learnTestNG.loginTest(learnTestNG.java:93)
at variousconcepts.learnTestNG.loginTest(learnTestNG.java:93)
at variousconcepts.learnTestNG.loginTest(learnTestNG.java:93)
at variousconcepts.learnTestNG.loginTest(learnTestNG.java:93)
at variousconcepts.learnTestNG.loginTest(learnTestNG.java:93)
at variousconcepts.learnTestNG.loginTest(learnTestNG.java:93)
at variousconcepts.learnTestNG.loginTest(learnTestNG.java:93)
at variousconcepts.learnTestNG.loginTest(learnTestNG.java:93)
at variousconcepts.learnTestNG.loginTest(learnTestNG.java:93)
at variousconcepts.learnTestNG.loginTest(learnTestNG.java:93)
at variousconcepts.learnTestNG.loginTest(learnTestNG.java:93)
at variousconcepts.learnTestNG.loginTest(learnTestNG.java:93)
at variousconcepts.learnTestNG.loginTest(learnTestNG.java:93)
at variousconcepts.learnTestNG.loginTest(learnTestNG.java:93)
at variousconcepts.learnTestNG.loginTest(learnTestNG.java:93)
at variousconcepts.learnTestNG.loginTest(learnTestNG.java:93)
at variousconcepts.learnTestNG.loginTest(learnTestNG.java:93)
at variousconcepts.learnTestNG.loginTest(learnTestNG.java:93)
at variousconcepts.learnTestNG.loginTest(learnTestNG.java:93)
at variousconcepts.learnTestNG.loginTest(learnTestNG.java:93)
at variousconcepts.learnTestNG.loginTest(learnTestNG.java:93)
at variousconcepts.learnTestNG.loginTest(learnTestNG.java:93)
at variousconcepts.learnTestNG.loginTest(learnTestNG.java:93)
at variousconcepts.learnTestNG.loginTest(learnTestNG.java:93)
at variousconcepts.learnTestNG.loginTest(learnTestNG.java:93)
at variousconcepts.learnTestNG.loginTest(learnTestNG.java:93)
at variousconcepts.learnTestNG.loginTest(learnTestNG.java:93)
at variousconcepts.learnTestNG.loginTest(learnTestNG.java:93)
at variousconcepts.learnTestNG.loginTest(learnTestNG.java:93)
at variousconcepts.learnTestNG.loginTest(learnTestNG.java:93)
at variousconcepts.learnTestNG.loginTest(learnTestNG.java:93)
at variousconcepts.learnTestNG.loginTest(learnTestNG.java:93)
at variousconcepts.learnTestNG.loginTest(learnTestNG.java:93)
at variousconcepts.learnTestNG.loginTest(learnTestNG.java:93)
at variousconcepts.learnTestNG.loginTest(learnTestNG.java:93)
at variousconcepts.learnTestNG.loginTest(learnTestNG.java:93)
at variousconcepts.learnTestNG.loginTest(learnTestNG.java:93)
at variousconcepts.learnTestNG.loginTest(learnTestNG.java:93)
at variousconcepts.learnTestNG.loginTest(learnTestNG.java:93)
at variousconcepts.learnTestNG.loginTest(learnTestNG.java:93)
at variousconcepts.learnTestNG.loginTest(learnTestNG.java:93)
at variousconcepts.learnTestNG.loginTest(learnTestNG.java:93)
at variousconcepts.learnTestNG.loginTest(learnTestNG.java:93)
at variousconcepts.learnTestNG.loginTest(learnTestNG.java:93)
at variousconcepts.learnTestNG.loginTest(learnTestNG.java:93)
at variousconcepts.learnTestNG.loginTest(learnTestNG.java:93)
at variousconcepts.learnTestNG.loginTest(learnTestNG.java:93)
at variousconcepts.learnTestNG.loginTest(learnTestNG.java:93)
at variousconcepts.learnTestNG.loginTest(learnTestNG.java:93)
at variousconcepts.learnTestNG.loginTest(learnTestNG.java:93)
at variousconcepts.learnTestNG.loginTest(learnTestNG.java:93)
at variousconcepts.learnTestNG.loginTest(learnTestNG.java:93)
at variousconcepts.learnTestNG.loginTest(learnTestNG.java:93)
at variousconcepts.learnTestNG.loginTest(learnTestNG.java:93)
at variousconcepts.learnTestNG.loginTest(learnTestNG.java:93)
at variousconcepts.learnTestNG.loginTest(learnTestNG.java:93)
at variousconcepts.learnTestNG.loginTest(learnTestNG.java:93)
at variousconcepts.learnTestNG.loginTest(learnTestNG.java:93)
at variousconcepts.learnTestNG.loginTest(learnTestNG.java:93)
at variousconcepts.learnTestNG.loginTest(learnTestNG.java:93)
at variousconcepts.learnTestNG.loginTest(learnTestNG.java:93)
at variousconcepts.learnTestNG.loginTest(learnTestNG.java:93)
at variousconcepts.learnTestNG.loginTest(learnTestNG.java:93)
at variousconcepts.learnTestNG.loginTest(learnTestNG.java:93)
at variousconcepts.learnTestNG.loginTest(learnTestNG.java:93)
at variousconcepts.learnTestNG.loginTest(learnTestNG.java:93)
at variousconcepts.learnTestNG.loginTest(learnTestNG.java:93)
at variousconcepts.learnTestNG.loginTest(learnTestNG.java:93)
at variousconcepts.learnTestNG.loginTest(learnTestNG.java:93)
at variousconcepts.learnTestNG.loginTest(learnTestNG.java:93)
at variousconcepts.learnTestNG.loginTest(learnTestNG.java:93)
at variousconcepts.learnTestNG.loginTest(learnTestNG.java:93)
at variousconcepts.learnTestNG.loginTest(learnTestNG.java:93)
at variousconcepts.learnTestNG.loginTest(learnTestNG.java:93)
at variousconcepts.learnTestNG.loginTest(learnTestNG.java:93)
at variousconcepts.learnTestNG.loginTest(learnTestNG.java:93)
at variousconcepts.learnTestNG.loginTest(learnTestNG.java:93)
at variousconcepts.learnTestNG.loginTest(learnTestNG.java:93)
at variousconcepts.learnTestNG.loginTest(learnTestNG.java:93)
at variousconcepts.learnTestNG.loginTest(learnTestNG.java:93)
at variousconcepts.learnTestNG.loginTest(learnTestNG.java:93)
at variousconcepts.learnTestNG.loginTest(learnTestNG.java:93)
at variousconcepts.learnTestNG.loginTest(learnTestNG.java:93)
at variousconcepts.learnTestNG.loginTest(learnTestNG.java:93)
at variousconcepts.learnTestNG.loginTest(learnTestNG.java:93)
at variousconcepts.learnTestNG.loginTest(learnTestNG.java:93)
at variousconcepts.learnTestNG.loginTest(learnTestNG.java:93)
at variousconcepts.learnTestNG.loginTest(learnTestNG.java:93)
at variousconcepts.learnTestNG.loginTest(learnTestNG.java:93)
at variousconcepts.learnTestNG.loginTest(learnTestNG.java:93)
at variousconcepts.learnTestNG.loginTest(learnTestNG.java:93)
at variousconcepts.learnTestNG.loginTest(learnTestNG.java:93)
at variousconcepts.learnTestNG.loginTest(learnTestNG.java:93)
at variousconcepts.learnTestNG.loginTest(learnTestNG.java:93)
at variousconcepts.learnTestNG.loginTest(learnTestNG.java:93)
at variousconcepts.learnTestNG.loginTest(learnTestNG.java:93)
at variousconcepts.learnTestNG.loginTest(learnTestNG.java:93)
at variousconcepts.learnTestNG.loginTest(learnTestNG.java:93)
at variousconcepts.learnTestNG.loginTest(learnTestNG.java:93)
at variousconcepts.learnTestNG.loginTest(learnTestNG.java:93)
at variousconcepts.learnTestNG.loginTest(learnTestNG.java:93)
at variousconcepts.learnTestNG.loginTest(learnTestNG.java:93)
at variousconcepts.learnTestNG.loginTest(learnTestNG.java:93)
at variousconcepts.learnTestNG.loginTest(learnTestNG.java:93)
at variousconcepts.learnTestNG.loginTest(learnTestNG.java:93)
at variousconcepts.learnTestNG.loginTest(learnTestNG.java:93)
at variousconcepts.learnTestNG.loginTest(learnTestNG.java:93)
at variousconcepts.learnTestNG.loginTest(learnTestNG.java:93)
at variousconcepts.learnTestNG.loginTest(learnTestNG.java:93)
at variousconcepts.learnTestNG.loginTest(learnTestNG.java:93)
at variousconcepts.learnTestNG.loginTest(learnTestNG.java:93)
at variousconcepts.learnTestNG.loginTest(learnTestNG.java:93)
at variousconcepts.learnTestNG.loginTest(learnTestNG.java:93)
at variousconcepts.learnTestNG.loginTest(learnTestNG.java:93)
at variousconcepts.learnTestNG.loginTest(learnTestNG.java:93)
at variousconcepts.learnTestNG.loginTest(learnTestNG.java:93)
at variousconcepts.learnTestNG.loginTest(learnTestNG.java:93)
at variousconcepts.learnTestNG.loginTest(learnTestNG.java:93)
at variousconcepts.learnTestNG.loginTest(learnTestNG.java:93)
at variousconcepts.learnTestNG.loginTest(learnTestNG.java:93)
at variousconcepts.learnTestNG.loginTest(learnTestNG.java:93)
at variousconcepts.learnTestNG.loginTest(learnTestNG.java:93)
at variousconcepts.learnTestNG.loginTest(learnTestNG.java:93)
at variousconcepts.learnTestNG.loginTest(learnTestNG.java:93)
at variousconcepts.learnTestNG.loginTest(learnTestNG.java:93)
at variousconcepts.learnTestNG.loginTest(learnTestNG.java:93)
at variousconcepts.learnTestNG.loginTest(learnTestNG.java:93)
at variousconcepts.learnTestNG.loginTest(learnTestNG.java:93)
at variousconcepts.learnTestNG.loginTest(learnTestNG.java:93)
at variousconcepts.learnTestNG.loginTest(learnTestNG.java:93)
at variousconcepts.learnTestNG.loginTest(learnTestNG.java:93)
at variousconcepts.learnTestNG.loginTest(learnTestNG.java:93)
at variousconcepts.learnTestNG.loginTest(learnTestNG.java:93)
at variousconcepts.learnTestNG.loginTest(learnTestNG.java:93)
at variousconcepts.learnTestNG.loginTest(learnTestNG.java:93)
at variousconcepts.learnTestNG.loginTest(learnTestNG.java:93)
at variousconcepts.learnTestNG.loginTest(learnTestNG.java:93)
at variousconcepts.learnTestNG.loginTest(learnTestNG.java:93)
at variousconcepts.learnTestNG.loginTest(learnTestNG.java:93)
at variousconcepts.learnTestNG.loginTest(learnTestNG.java:93)
at variousconcepts.learnTestNG.loginTest(learnTestNG.java:93)
at variousconcepts.learnTestNG.loginTest(learnTestNG.java:93)
at variousconcepts.learnTestNG.loginTest(learnTestNG.java:93)
at variousconcepts.learnTestNG.loginTest(learnTestNG.java:93)
at variousconcepts.learnTestNG.loginTest(learnTestNG.java:93)
at variousconcepts.learnTestNG.loginTest(learnTestNG.java:93)
at variousconcepts.learnTestNG.loginTest(learnTestNG.java:93)
at variousconcepts.learnTestNG.loginTest(learnTestNG.java:93)
at variousconcepts.learnTestNG.loginTest(learnTestNG.java:93)
at variousconcepts.learnTestNG.loginTest(learnTestNG.java:93)
at variousconcepts.learnTestNG.loginTest(learnTestNG.java:93)
at variousconcepts.learnTestNG.loginTest(learnTestNG.java:93)
at variousconcepts.learnTestNG.loginTest(learnTestNG.java:93)
at variousconcepts.learnTestNG.loginTest(learnTestNG.java:93)
at variousconcepts.learnTestNG.loginTest(learnTestNG.java:93)
at variousconcepts.learnTestNG.loginTest(learnTestNG.java:93)
at variousconcepts.learnTestNG.loginTest(learnTestNG.java:93)
at variousconcepts.learnTestNG.loginTest(learnTestNG.java:93)
at variousconcepts.learnTestNG.loginTest(learnTestNG.java:93)
at variousconcepts.learnTestNG.loginTest(learnTestNG.java:93)
at variousconcepts.learnTestNG.loginTest(learnTestNG.java:93)
at variousconcepts.learnTestNG.loginTest(learnTestNG.java:93)
at variousconcepts.learnTestNG.loginTest(learnTestNG.java:93)
at variousconcepts.learnTestNG.loginTest(learnTestNG.java:93)
at variousconcepts.learnTestNG.loginTest(learnTestNG.java:93)
at variousconcepts.learnTestNG.loginTest(learnTestNG.java:93)
at variousconcepts.learnTestNG.loginTest(learnTestNG.java:93)
at variousconcepts.learnTestNG.loginTest(learnTestNG.java:93)
at variousconcepts.learnTestNG.loginTest(learnTestNG.java:93)
at variousconcepts.learnTestNG.loginTest(learnTestNG.java:93)
at variousconcepts.learnTestNG.loginTest(learnTestNG.java:93)
at variousconcepts.learnTestNG.loginTest(learnTestNG.java:93)
at variousconcepts.learnTestNG.loginTest(learnTestNG.java:93)
at variousconcepts.learnTestNG.loginTest(learnTestNG.java:93)
at variousconcepts.learnTestNG.loginTest(learnTestNG.java:93)
at variousconcepts.learnTestNG.loginTest(learnTestNG.java:93)
at variousconcepts.learnTestNG.loginTest(learnTestNG.java:93)
at variousconcepts.learnTestNG.loginTest(learnTestNG.java:93)
at variousconcepts.learnTestNG.loginTest(learnTestNG.java:93)
at variousconcepts.learnTestNG.loginTest(learnTestNG.java:93)
at variousconcepts.learnTestNG.loginTest(learnTestNG.java:93)
at variousconcepts.learnTestNG.loginTest(learnTestNG.java:93)
at variousconcepts.learnTestNG.loginTest(learnTestNG.java:93)
at variousconcepts.learnTestNG.loginTest(learnTestNG.java:93)
at variousconcepts.learnTestNG.loginTest(learnTestNG.java:93)
at variousconcepts.learnTestNG.loginTest(learnTestNG.java:93)
at variousconcepts.learnTestNG.loginTest(learnTestNG.java:93)
at variousconcepts.learnTestNG.loginTest(learnTestNG.java:93)
at variousconcepts.learnTestNG.loginTest(learnTestNG.java:93)
at variousconcepts.learnTestNG.loginTest(learnTestNG.java:93)
at variousconcepts.learnTestNG.loginTest(learnTestNG.java:93)
at variousconcepts.learnTestNG.loginTest(learnTestNG.java:93)
at variousconcepts.learnTestNG.loginTest(learnTestNG.java:93)
at variousconcepts.learnTestNG.loginTest(learnTestNG.java:93)
at variousconcepts.learnTestNG.loginTest(learnTestNG.java:93)
at variousconcepts.learnTestNG.loginTest(learnTestNG.java:93)
at variousconcepts.learnTestNG.loginTest(learnTestNG.java:93)
at variousconcepts.learnTestNG.loginTest(learnTestNG.java:93)
at variousconcepts.learnTestNG.loginTest(learnTestNG.java:93)
at variousconcepts.learnTestNG.loginTest(learnTestNG.java:93)
at variousconcepts.learnTestNG.loginTest(learnTestNG.java:93)
at variousconcepts.learnTestNG.loginTest(learnTestNG.java:93)
at variousconcepts.learnTestNG.loginTest(learnTestNG.java:93)
at variousconcepts.learnTestNG.loginTest(learnTestNG.java:93)
at variousconcepts.learnTestNG.loginTest(learnTestNG.java:93)
at variousconcepts.learnTestNG.loginTest(learnTestNG.java:93)
at variousconcepts.learnTestNG.loginTest(learnTestNG.java:93)
at variousconcepts.learnTestNG.loginTest(learnTestNG.java:93)
at variousconcepts.learnTestNG.loginTest(learnTestNG.java:93)
at variousconcepts.learnTestNG.loginTest(learnTestNG.java:93)
at variousconcepts.learnTestNG.loginTest(learnTestNG.java:93)
at variousconcepts.learnTestNG.loginTest(learnTestNG.java:93)
at variousconcepts.learnTestNG.loginTest(learnTestNG.java:93)
at variousconcepts.learnTestNG.loginTest(learnTestNG.java:93)
at variousconcepts.learnTestNG.loginTest(learnTestNG.java:93)
at variousconcepts.learnTestNG.loginTest(learnTestNG.java:93)
at variousconcepts.learnTestNG.loginTest(learnTestNG.java:93)
at variousconcepts.learnTestNG.loginTest(learnTestNG.java:93)
at variousconcepts.learnTestNG.loginTest(learnTestNG.java:93)
at variousconcepts.learnTestNG.loginTest(learnTestNG.java:93)
at variousconcepts.learnTestNG.loginTest(learnTestNG.java:93)
at variousconcepts.learnTestNG.loginTest(learnTestNG.java:93)
at variousconcepts.learnTestNG.loginTest(learnTestNG.java:93)
at variousconcepts.learnTestNG.loginTest(learnTestNG.java:93)
at variousconcepts.learnTestNG.loginTest(learnTestNG.java:93)
at variousconcepts.learnTestNG.loginTest(learnTestNG.java:93)
at variousconcepts.learnTestNG.loginTest(learnTestNG.java:93)
at variousconcepts.learnTestNG.loginTest(learnTestNG.java:93)
at variousconcepts.learnTestNG.loginTest(learnTestNG.java:93)
at variousconcepts.learnTestNG.loginTest(learnTestNG.java:93)
at variousconcepts.learnTestNG.loginTest(learnTestNG.java:93)
at variousconcepts.learnTestNG.loginTest(learnTestNG.java:93)
at variousconcepts.learnTestNG.loginTest(learnTestNG.java:93)
at variousconcepts.learnTestNG.loginTest(learnTestNG.java:93)
at variousconcepts.learnTestNG.loginTest(learnTestNG.java:93)
at variousconcepts.learnTestNG.loginTest(learnTestNG.java:93)
at variousconcepts.learnTestNG.loginTest(learnTestNG.java:93)
at variousconcepts.learnTestNG.loginTest(learnTestNG.java:93)
at variousconcepts.learnTestNG.loginTest(learnTestNG.java:93)
at variousconcepts.learnTestNG.loginTest(learnTestNG.java:93)
at variousconcepts.learnTestNG.loginTest(learnTestNG.java:93)
at variousconcepts.learnTestNG.loginTest(learnTestNG.java:93)
at variousconcepts.learnTestNG.loginTest(learnTestNG.java:93)
at variousconcepts.learnTestNG.loginTest(learnTestNG.java:93)
at variousconcepts.learnTestNG.loginTest(learnTestNG.java:93)
at variousconcepts.learnTestNG.loginTest(learnTestNG.java:93)
at variousconcepts.learnTestNG.loginTest(learnTestNG.java:93)
at variousconcepts.learnTestNG.loginTest(learnTestNG.java:93)
at variousconcepts.learnTestNG.loginTest(learnTestNG.java:93)
at variousconcepts.learnTestNG.loginTest(learnTestNG.java:93)
at variousconcepts.learnTestNG.loginTest(learnTestNG.java:93)
at variousconcepts.learnTestNG.loginTest(learnTestNG.java:93)
at variousconcepts.learnTestNG.loginTest(learnTestNG.java:93)
at variousconcepts.learnTestNG.loginTest(learnTestNG.java:93)
at variousconcepts.learnTestNG.loginTest(learnTestNG.java:93)
at variousconcepts.learnTestNG.loginTest(learnTestNG.java:93)
at variousconcepts.learnTestNG.loginTest(learnTestNG.java:93)
at variousconcepts.learnTestNG.loginTest(learnTestNG.java:93)
at variousconcepts.learnTestNG.loginTest(learnTestNG.java:93)
at variousconcepts.learnTestNG.loginTest(learnTestNG.java:93)
at variousconcepts.learnTestNG.loginTest(learnTestNG.java:93)
at variousconcepts.learnTestNG.loginTest(learnTestNG.java:93)
at variousconcepts.learnTestNG.loginTest(learnTestNG.java:93)
at variousconcepts.learnTestNG.loginTest(learnTestNG.java:93)
at variousconcepts.learnTestNG.loginTest(learnTestNG.java:93)
at variousconcepts.learnTestNG.loginTest(learnTestNG.java:93)
at variousconcepts.learnTestNG.loginTest(learnTestNG.java:93)
at variousconcepts.learnTestNG.loginTest(learnTestNG.java:93)
at variousconcepts.learnTestNG.loginTest(learnTestNG.java:93)
at variousconcepts.learnTestNG.loginTest(learnTestNG.java:93)
at variousconcepts.learnTestNG.loginTest(learnTestNG.java:93)
at variousconcepts.learnTestNG.loginTest(learnTestNG.java:93)
at variousconcepts.learnTestNG.loginTest(learnTestNG.java:93)
at variousconcepts.learnTestNG.loginTest(learnTestNG.java:93)
at variousconcepts.learnTestNG.loginTest(learnTestNG.java:93)
at variousconcepts.learnTestNG.loginTest(learnTestNG.java:93)
at variousconcepts.learnTestNG.loginTest(learnTestNG.java:93)
at variousconcepts.learnTestNG.loginTest(learnTestNG.java:93)
at variousconcepts.learnTestNG.loginTest(learnTestNG.java:93)
at variousconcepts.learnTestNG.loginTest(learnTestNG.java:93)
at variousconcepts.learnTestNG.loginTest(learnTestNG.java:93)
at variousconcepts.learnTestNG.loginTest(learnTestNG.java:93)
at variousconcepts.learnTestNG.loginTest(learnTestNG.java:93)
at variousconcepts.learnTestNG.loginTest(learnTestNG.java:93)
at variousconcepts.learnTestNG.loginTest(learnTestNG.java:93)
at variousconcepts.learnTestNG.loginTest(learnTestNG.java:93)
at variousconcepts.learnTestNG.loginTest(learnTestNG.java:93)
at variousconcepts.learnTestNG.loginTest(learnTestNG.java:93)
at variousconcepts.learnTestNG.loginTest(learnTestNG.java:93)
at variousconcepts.learnTestNG.loginTest(learnTestNG.java:93)
at variousconcepts.learnTestNG.loginTest(learnTestNG.java:93)
at variousconcepts.learnTestNG.loginTest(learnTestNG.java:93)
at variousconcepts.learnTestNG.loginTest(learnTestNG.java:93)
at variousconcepts.learnTestNG.loginTest(learnTestNG.java:93)
at variousconcepts.learnTestNG.loginTest(learnTestNG.java:93)
at variousconcepts.learnTestNG.loginTest(learnTestNG.java:93)
at variousconcepts.learnTestNG.loginTest(learnTestNG.java:93)
at variousconcepts.learnTestNG.loginTest(learnTestNG.java:93)
at variousconcepts.learnTestNG.loginTest(learnTestNG.java:93)
at variousconcepts.learnTestNG.loginTest(learnTestNG.java:93)
at variousconcepts.learnTestNG.loginTest(learnTestNG.java:93)
at variousconcepts.learnTestNG.loginTest(learnTestNG.java:93)
at variousconcepts.learnTestNG.loginTest(learnTestNG.java:93)
at variousconcepts.learnTestNG.loginTest(learnTestNG.java:93)
at variousconcepts.learnTestNG.loginTest(learnTestNG.java:93)
at variousconcepts.learnTestNG.loginTest(learnTestNG.java:93)
at variousconcepts.learnTestNG.loginTest(learnTestNG.java:93)
at variousconcepts.learnTestNG.loginTest(learnTestNG.java:93)
at variousconcepts.learnTestNG.loginTest(learnTestNG.java:93)
at variousconcepts.learnTestNG.loginTest(learnTestNG.java:93)
at variousconcepts.learnTestNG.loginTest(learnTestNG.java:93)
at variousconcepts.learnTestNG.loginTest(learnTestNG.java:93)
at variousconcepts.learnTestNG.loginTest(learnTestNG.java:93)
at variousconcepts.learnTestNG.loginTest(learnTestNG.java:93)
at variousconcepts.learnTestNG.loginTest(learnTestNG.java:93)
at variousconcepts.learnTestNG.loginTest(learnTestNG.java:93)
at variousconcepts.learnTestNG.loginTest(learnTestNG.java:93)
at variousconcepts.learnTestNG.loginTest(learnTestNG.java:93)
at variousconcepts.learnTestNG.loginTest(learnTestNG.java:93)
at variousconcepts.learnTestNG.loginTest(learnTestNG.java:93)
at variousconcepts.learnTestNG.loginTest(learnTestNG.java:93)
at variousconcepts.learnTestNG.loginTest(learnTestNG.java:93)
at variousconcepts.learnTestNG.loginTest(learnTestNG.java:93)
at variousconcepts.learnTestNG.loginTest(learnTestNG.java:93)
at variousconcepts.learnTestNG.loginTest(learnTestNG.java:93)
at variousconcepts.learnTestNG.loginTest(learnTestNG.java:93)
at variousconcepts.learnTestNG.loginTest(learnTestNG.java:93)
at variousconcepts.learnTestNG.loginTest(learnTestNG.java:93)
at variousconcepts.learnTestNG.loginTest(learnTestNG.java:93)
at variousconcepts.learnTestNG.loginTest(learnTestNG.java:93)
at variousconcepts.learnTestNG.loginTest(learnTestNG.java:93)
at variousconcepts.learnTestNG.loginTest(learnTestNG.java:93)
at variousconcepts.learnTestNG.loginTest(learnTestNG.java:93)
at variousconcepts.learnTestNG.loginTest(learnTestNG.java:93)
at variousconcepts.learnTestNG.loginTest(learnTestNG.java:93)
at variousconcepts.learnTestNG.loginTest(learnTestNG.java:93)
at variousconcepts.learnTestNG.loginTest(learnTestNG.java:93)
at variousconcepts.learnTestNG.loginTest(learnTestNG.java:93)
at variousconcepts.learnTestNG.loginTest(learnTestNG.java:93)
at variousconcepts.learnTestNG.loginTest(learnTestNG.java:93)
at variousconcepts.learnTestNG.loginTest(learnTestNG.java:93)
at variousconcepts.learnTestNG.loginTest(learnTestNG.java:93)
at variousconcepts.learnTestNG.loginTest(learnTestNG.java:93)
at variousconcepts.learnTestNG.loginTest(learnTestNG.java:93)
at variousconcepts.learnTestNG.loginTest(learnTestNG.java:93)
at variousconcepts.learnTestNG.loginTest(learnTestNG.java:93)
at variousconcepts.learnTestNG.loginTest(learnTestNG.java:93)
at variousconcepts.learnTestNG.loginTest(learnTestNG.java:93)
at variousconcepts.learnTestNG.loginTest(learnTestNG.java:93)
at variousconcepts.learnTestNG.loginTest(learnTestNG.java:93)
at variousconcepts.learnTestNG.loginTest(learnTestNG.java:93)
at variousconcepts.learnTestNG.loginTest(learnTestNG.java:93)
at variousconcepts.learnTestNG.loginTest(learnTestNG.java:93)
at variousconcepts.learnTestNG.loginTest(learnTestNG.java:93)
at variousconcepts.learnTestNG.loginTest(learnTestNG.java:93)
at variousconcepts.learnTestNG.loginTest(learnTestNG.java:93)
at variousconcepts.learnTestNG.loginTest(learnTestNG.java:93)
at variousconcepts.learnTestNG.loginTest(learnTestNG.java:93)
at variousconcepts.learnTestNG.loginTest(learnTestNG.java:93)
at variousconcepts.learnTestNG.loginTest(learnTestNG.java:93)
at variousconcepts.learnTestNG.loginTest(learnTestNG.java:93)
at variousconcepts.learnTestNG.loginTest(learnTestNG.java:93)
at variousconcepts.learnTestNG.loginTest(learnTestNG.java:93)
at variousconcepts.learnTestNG.loginTest(learnTestNG.java:93)
at variousconcepts.learnTestNG.loginTest(learnTestNG.java:93)
at variousconcepts.learnTestNG.loginTest(learnTestNG.java:93)
at variousconcepts.learnTestNG.loginTest(learnTestNG.java:93)
at variousconcepts.learnTestNG.loginTest(learnTestNG.java:93)
at variousconcepts.learnTestNG.loginTest(learnTestNG.java:93)
at variousconcepts.learnTestNG.loginTest(learnTestNG.java:93)
at variousconcepts.learnTestNG.loginTest(learnTestNG.java:93)
at variousconcepts.learnTestNG.loginTest(learnTestNG.java:93)
at variousconcepts.learnTestNG.loginTest(learnTestNG.java:93)
at variousconcepts.learnTestNG.loginTest(learnTestNG.java:93)
at variousconcepts.learnTestNG.loginTest(learnTestNG.java:93)
at variousconcepts.learnTestNG.loginTest(learnTestNG.java:93)
at variousconcepts.learnTestNG.loginTest(learnTestNG.java:93)
at variousconcepts.learnTestNG.loginTest(learnTestNG.java:93)
at variousconcepts.learnTestNG.loginTest(learnTestNG.java:93)
at variousconcepts.learnTestNG.loginTest(learnTestNG.java:93)
at variousconcepts.learnTestNG.loginTest(learnTestNG.java:93)
at variousconcepts.learnTestNG.loginTest(learnTestNG.java:93)
at variousconcepts.learnTestNG.loginTest(learnTestNG.java:93)
at variousconcepts.learnTestNG.loginTest(learnTestNG.java:93)
at variousconcepts.learnTestNG.loginTest(learnTestNG.java:93)
at variousconcepts.learnTestNG.loginTest(learnTestNG.java:93)
at variousconcepts.learnTestNG.loginTest(learnTestNG.java:93)
at variousconcepts.learnTestNG.loginTest(learnTestNG.java:93)
at variousconcepts.learnTestNG.loginTest(learnTestNG.java:93)
at variousconcepts.learnTestNG.loginTest(learnTestNG.java:93)
at variousconcepts.learnTestNG.loginTest(learnTestNG.java:93)
at variousconcepts.learnTestNG.loginTest(learnTestNG.java:93)
at variousconcepts.learnTestNG.loginTest(learnTestNG.java:93)
at variousconcepts.learnTestNG.loginTest(learnTestNG.java:93)
at variousconcepts.learnTestNG.loginTest(learnTestNG.java:93)
at variousconcepts.learnTestNG.loginTest(learnTestNG.java:93)
at variousconcepts.learnTestNG.loginTest(learnTestNG.java:93)
at variousconcepts.learnTestNG.loginTest(learnTestNG.java:93)
at variousconcepts.learnTestNG.loginTest(learnTestNG.java:93)
at variousconcepts.learnTestNG.loginTest(learnTestNG.java:93)
at variousconcepts.learnTestNG.loginTest(learnTestNG.java:93)
at variousconcepts.learnTestNG.loginTest(learnTestNG.java:93)
at variousconcepts.learnTestNG.loginTest(learnTestNG.java:93)
at variousconcepts.learnTestNG.loginTest(learnTestNG.java:93)
at variousconcepts.learnTestNG.loginTest(learnTestNG.java:93)
at variousconcepts.learnTestNG.loginTest(learnTestNG.java:93)
at variousconcepts.learnTestNG.loginTest(learnTestNG.java:93)
at variousconcepts.learnTestNG.loginTest(learnTestNG.java:93)
at variousconcepts.learnTestNG.loginTest(learnTestNG.java:93)
at variousconcepts.learnTestNG.loginTest(learnTestNG.java:93)
at variousconcepts.learnTestNG.loginTest(learnTestNG.java:93)
at variousconcepts.learnTestNG.loginTest(learnTestNG.java:93)
at variousconcepts.learnTestNG.loginTest(learnTestNG.java:93)
at variousconcepts.learnTestNG.loginTest(learnTestNG.java:93)
at variousconcepts.learnTestNG.loginTest(learnTestNG.java:93)
at variousconcepts.learnTestNG.loginTest(learnTestNG.java:93)
at variousconcepts.learnTestNG.loginTest(learnTestNG.java:93)
at variousconcepts.learnTestNG.loginTest(learnTestNG.java:93)
at variousconcepts.learnTestNG.loginTest(learnTestNG.java:93)
at variousconcepts.learnTestNG.loginTest(learnTestNG.java:93)
at variousconcepts.learnTestNG.loginTest(learnTestNG.java:93)
at variousconcepts.learnTestNG.loginTest(learnTestNG.java:93)
at variousconcepts.learnTestNG.loginTest(learnTestNG.java:93)
at variousconcepts.learnTestNG.loginTest(learnTestNG.java:93)
at variousconcepts.learnTestNG.loginTest(learnTestNG.java:93)
at variousconcepts.learnTestNG.loginTest(learnTestNG.java:93)
at variousconcepts.learnTestNG.loginTest(learnTestNG.java:93)
at variousconcepts.learnTestNG.loginTest(learnTestNG.java:93)
at variousconcepts.learnTestNG.loginTest(learnTestNG.java:93)
at variousconcepts.learnTestNG.loginTest(learnTestNG.java:93)
at variousconcepts.learnTestNG.loginTest(learnTestNG.java:93)
at variousconcepts.learnTestNG.loginTest(learnTestNG.java:93)
at variousconcepts.learnTestNG.loginTest(learnTestNG.java:93)
at variousconcepts.learnTestNG.loginTest(learnTestNG.java:93)
at variousconcepts.learnTestNG.loginTest(learnTestNG.java:93)
at variousconcepts.learnTestNG.loginTest(learnTestNG.java:93)
at variousconcepts.learnTestNG.loginTest(learnTestNG.java:93)
at variousconcepts.learnTestNG.loginTest(learnTestNG.java:93)
at variousconcepts.learnTestNG.loginTest(learnTestNG.java:93)
at variousconcepts.learnTestNG.loginTest(learnTestNG.java:93)
at variousconcepts.learnTestNG.loginTest(learnTestNG.java:93)
at variousconcepts.learnTestNG.loginTest(learnTestNG.java:93)
at variousconcepts.learnTestNG.loginTest(learnTestNG.java:93)
at variousconcepts.learnTestNG.loginTest(learnTestNG.java:93)
at variousconcepts.learnTestNG.loginTest(learnTestNG.java:93)
at variousconcepts.learnTestNG.loginTest(learnTestNG.java:93)
at variousconcepts.learnTestNG.loginTest(learnTestNG.java:93)
at variousconcepts.learnTestNG.loginTest(learnTestNG.java:93)
at variousconcepts.learnTestNG.loginTest(learnTestNG.java:93)
at variousconcepts.learnTestNG.loginTest(learnTestNG.java:93)
at variousconcepts.learnTestNG.loginTest(learnTestNG.java:93)
at variousconcepts.learnTestNG.loginTest(learnTestNG.java:93)
at variousconcepts.learnTestNG.loginTest(learnTestNG.java:93)
at variousconcepts.learnTestNG.loginTest(learnTestNG.java:93)
at variousconcepts.learnTestNG.loginTest(learnTestNG.java:93)
at variousconcepts.learnTestNG.loginTest(learnTestNG.java:93)
at variousconcepts.learnTestNG.loginTest(learnTestNG.java:93)
at variousconcepts.learnTestNG.loginTest(learnTestNG.java:93)
at variousconcepts.learnTestNG.loginTest(learnTestNG.java:93)
at variousconcepts.learnTestNG.loginTest(learnTestNG.java:93)
at variousconcepts.learnTestNG.loginTest(learnTestNG.java:93)
at variousconcepts.learnTestNG.loginTest(learnTestNG.java:93)
at variousconcepts.learnTestNG.loginTest(learnTestNG.java:93)
at variousconcepts.learnTestNG.loginTest(learnTestNG.java:93)
at variousconcepts.learnTestNG.loginTest(learnTestNG.java:93)
at variousconcepts.learnTestNG.loginTest(learnTestNG.java:93)
at variousconcepts.learnTestNG.loginTest(learnTestNG.java:93)
at variousconcepts.learnTestNG.loginTest(learnTestNG.java:93)
at variousconcepts.learnTestNG.loginTest(learnTestNG.java:93)
at variousconcepts.learnTestNG.loginTest(learnTestNG.java:93)
at variousconcepts.learnTestNG.loginTest(learnTestNG.java:93)
at variousconcepts.learnTestNG.loginTest(learnTestNG.java:93)
at variousconcepts.learnTestNG.loginTest(learnTestNG.java:93)
at variousconcepts.learnTestNG.loginTest(learnTestNG.java:93)
at variousconcepts.learnTestNG.loginTest(learnTestNG.java:93)
at variousconcepts.learnTestNG.loginTest(learnTestNG.java:93)
at variousconcepts.learnTestNG.loginTest(learnTestNG.java:93)
at variousconcepts.learnTestNG.loginTest(learnTestNG.java:93)
at variousconcepts.learnTestNG.loginTest(learnTestNG.java:93)
at variousconcepts.learnTestNG.loginTest(learnTestNG.java:93)
at variousconcepts.learnTestNG.loginTest(learnTestNG.java:93)
at variousconcepts.learnTestNG.loginTest(learnTestNG.java:93)
at variousconcepts.learnTestNG.loginTest(learnTestNG.java:93)
at variousconcepts.learnTestNG.loginTest(learnTestNG.java:93)
at variousconcepts.learnTestNG.loginTest(learnTestNG.java:93)
at variousconcepts.learnTestNG.loginTest(learnTestNG.java:93)
at variousconcepts.learnTestNG.loginTest(learnTestNG.java:93)
at variousconcepts.learnTestNG.loginTest(learnTestNG.java:93)
at variousconcepts.learnTestNG.loginTest(learnTestNG.java:93)
at variousconcepts.learnTestNG.loginTest(learnTestNG.java:93)
at variousconcepts.learnTestNG.loginTest(learnTestNG.java:93)
at variousconcepts.learnTestNG.loginTest(learnTestNG.java:93)
at variousconcepts.learnTestNG.loginTest(learnTestNG.java:93)
at variousconcepts.learnTestNG.loginTest(learnTestNG.java:93)
at variousconcepts.learnTestNG.loginTest(learnTestNG.java:93)
at variousconcepts.learnTestNG.loginTest(learnTestNG.java:93)
at variousconcepts.learnTestNG.loginTest(learnTestNG.java:93)
at variousconcepts.learnTestNG.loginTest(learnTestNG.java:93)
at variousconcepts.learnTestNG.loginTest(learnTestNG.java:93)
at variousconcepts.learnTestNG.loginTest(learnTestNG.java:93)
at variousconcepts.learnTestNG.loginTest(learnTestNG.java:93)
at variousconcepts.learnTestNG.loginTest(learnTestNG.java:93)
at variousconcepts.learnTestNG.loginTest(learnTestNG.java:93)
at variousconcepts.learnTestNG.loginTest(learnTestNG.java:93)
at variousconcepts.learnTestNG.loginTest(learnTestNG.java:93)
at variousconcepts.learnTestNG.loginTest(learnTestNG.java:93)
at variousconcepts.learnTestNG.loginTest(learnTestNG.java:93)
at variousconcepts.learnTestNG.loginTest(learnTestNG.java:93)
at variousconcepts.learnTestNG.loginTest(learnTestNG.java:93)
at variousconcepts.learnTestNG.loginTest(learnTestNG.java:93)
at variousconcepts.learnTestNG.loginTest(learnTestNG.java:93)
at variousconcepts.learnTestNG.loginTest(learnTestNG.java:93)
at variousconcepts.learnTestNG.loginTest(learnTestNG.java:93)
at variousconcepts.learnTestNG.loginTest(learnTestNG.java:93)
at variousconcepts.learnTestNG.loginTest(learnTestNG.java:93)
at variousconcepts.learnTestNG.loginTest(learnTestNG.java:93)
at variousconcepts.learnTestNG.loginTest(learnTestNG.java:93)
at variousconcepts.learnTestNG.loginTest(learnTestNG.java:93)
at variousconcepts.learnTestNG.loginTest(learnTestNG.java:93)
at variousconcepts.learnTestNG.loginTest(learnTestNG.java:93)
at variousconcepts.learnTestNG.loginTest(learnTestNG.java:93)
at variousconcepts.learnTestNG.loginTest(learnTestNG.java:93)
at variousconcepts.learnTestNG.loginTest(learnTestNG.java:93)
at variousconcepts.learnTestNG.loginTest(learnTestNG.java:93)
at variousconcepts.learnTestNG.loginTest(learnTestNG.java:93)
at variousconcepts.learnTestNG.loginTest(learnTestNG.java:93)
at variousconcepts.learnTestNG.loginTest(learnTestNG.java:93)
at variousconcepts.learnTestNG.loginTest(learnTestNG.java:93)
at variousconcepts.learnTestNG.loginTest(learnTestNG.java:93)
at variousconcepts.learnTestNG.loginTest(learnTestNG.java:93)
at variousconcepts.learnTestNG.loginTest(learnTestNG.java:93)
at variousconcepts.learnTestNG.loginTest(learnTestNG.java:93)
at variousconcepts.learnTestNG.loginTest(learnTestNG.java:93)
at variousconcepts.learnTestNG.loginTest(learnTestNG.java:93)
at variousconcepts.learnTestNG.loginTest(learnTestNG.java:93)
at variousconcepts.learnTestNG.loginTest(learnTestNG.java:93)
at variousconcepts.learnTestNG.loginTest(learnTestNG.java:93)
at variousconcepts.learnTestNG.loginTest(learnTestNG.java:93)
at variousconcepts.learnTestNG.loginTest(learnTestNG.java:93)
at variousconcepts.learnTestNG.loginTest(learnTestNG.java:93)
at variousconcepts.learnTestNG.loginTest(learnTestNG.java:93)
at variousconcepts.learnTestNG.loginTest(learnTestNG.java:93)
at variousconcepts.learnTestNG.loginTest(learnTestNG.java:93)
at variousconcepts.learnTestNG.loginTest(learnTestNG.java:93)
at variousconcepts.learnTestNG.loginTest(learnTestNG.java:93)
at variousconcepts.learnTestNG.loginTest(learnTestNG.java:93)
at variousconcepts.learnTestNG.loginTest(learnTestNG.java:93)
at variousconcepts.learnTestNG.loginTest(learnTestNG.java:93)
at variousconcepts.learnTestNG.loginTest(learnTestNG.java:93)
at variousconcepts.learnTestNG.loginTest(learnTestNG.java:93)
at variousconcepts.learnTestNG.loginTest(learnTestNG.java:93)
at variousconcepts.learnTestNG.loginTest(learnTestNG.java:93)
at variousconcepts.learnTestNG.loginTest(learnTestNG.java:93)
at variousconcepts.learnTestNG.loginTest(learnTestNG.java:93)
at variousconcepts.learnTestNG.loginTest(learnTestNG.java:93)
at variousconcepts.learnTestNG.loginTest(learnTestNG.java:93)
at variousconcepts.learnTestNG.loginTest(learnTestNG.java:93)
at variousconcepts.learnTestNG.loginTest(learnTestNG.java:93)
at variousconcepts.learnTestNG.loginTest(learnTestNG.java:93)
at variousconcepts.learnTestNG.loginTest(learnTestNG.java:93)
at variousconcepts.learnTestNG.loginTest(learnTestNG.java:93)
at variousconcepts.learnTestNG.loginTest(learnTestNG.java:93)
at variousconcepts.learnTestNG.loginTest(learnTestNG.java:93)
at variousconcepts.learnTestNG.loginTest(learnTestNG.java:93)
at variousconcepts.learnTestNG.loginTest(learnTestNG.java:93)
at variousconcepts.learnTestNG.loginTest(learnTestNG.java:93)
at variousconcepts.learnTestNG.loginTest(learnTestNG.java:93)
at variousconcepts.learnTestNG.loginTest(learnTestNG.java:93)
at variousconcepts.learnTestNG.loginTest(learnTestNG.java:93)
at variousconcepts.learnTestNG.loginTest(learnTestNG.java:93)
at variousconcepts.learnTestNG.loginTest(learnTestNG.java:93)
at variousconcepts.learnTestNG.loginTest(learnTestNG.java:93)
at variousconcepts.learnTestNG.loginTest(learnTestNG.java:93)
at variousconcepts.learnTestNG.loginTest(learnTestNG.java:93)
at variousconcepts.learnTestNG.loginTest(learnTestNG.java:93)
at variousconcepts.learnTestNG.loginTest(learnTestNG.java:93)
at variousconcepts.learnTestNG.loginTest(learnTestNG.java:93)
at variousconcepts.learnTestNG.loginTest(learnTestNG.java:93)
at variousconcepts.learnTestNG.loginTest(learnTestNG.java:93)
at variousconcepts.learnTestNG.loginTest(learnTestNG.java:93)
at variousconcepts.learnTestNG.loginTest(learnTestNG.java:93)
at variousconcepts.learnTestNG.loginTest(learnTestNG.java:93)
at variousconcepts.learnTestNG.loginTest(learnTestNG.java:93)
at variousconcepts.learnTestNG.loginTest(learnTestNG.java:93)
at variousconcepts.learnTestNG.loginTest(learnTestNG.java:93)
at variousconcepts.learnTestNG.loginTest(learnTestNG.java:93)
at variousconcepts.learnTestNG.loginTest(learnTestNG.java:93)
at variousconcepts.learnTestNG.loginTest(learnTestNG.java:93)
at variousconcepts.learnTestNG.loginTest(learnTestNG.java:93)
at variousconcepts.learnTestNG.loginTest(learnTestNG.java:93)
at variousconcepts.learnTestNG.loginTest(learnTestNG.java:93)
at variousconcepts.learnTestNG.loginTest(learnTestNG.java:93)
at variousconcepts.learnTestNG.loginTest(learnTestNG.java:93)
at variousconcepts.learnTestNG.loginTest(learnTestNG.java:93)
at variousconcepts.learnTestNG.loginTest(learnTestNG.java:93)
at variousconcepts.learnTestNG.loginTest(learnTestNG.java:93)
at variousconcepts.learnTestNG.loginTest(learnTestNG.java:93)
at variousconcepts.learnTestNG.loginTest(learnTestNG.java:93)
at variousconcepts.learnTestNG.loginTest(learnTestNG.java:93)
at variousconcepts.learnTestNG.loginTest(learnTestNG.java:93)
at variousconcepts.learnTestNG.loginTest(learnTestNG.java:93)
at variousconcepts.learnTestNG.loginTest(learnTestNG.java:93)
at variousconcepts.learnTestNG.loginTest(learnTestNG.java:93)
at variousconcepts.learnTestNG.loginTest(learnTestNG.java:93)
at variousconcepts.learnTestNG.loginTest(learnTestNG.java:93)
at variousconcepts.learnTestNG.loginTest(learnTestNG.java:93)
at variousconcepts.learnTestNG.loginTest(learnTestNG.java:93)
at variousconcepts.learnTestNG.loginTest(learnTestNG.java:93)
at variousconcepts.learnTestNG.loginTest(learnTestNG.java:93)
at variousconcepts.learnTestNG.loginTest(learnTestNG.java:93)
at variousconcepts.learnTestNG.loginTest(learnTestNG.java:93)
at variousconcepts.learnTestNG.loginTest(learnTestNG.java:93)
at variousconcepts.learnTestNG.loginTest(learnTestNG.java:93)
at variousconcepts.learnTestNG.loginTest(learnTestNG.java:93)
at variousconcepts.learnTestNG.loginTest(learnTestNG.java:93)
at variousconcepts.learnTestNG.loginTest(learnTestNG.java:93)
at variousconcepts.learnTestNG.loginTest(learnTestNG.java:93)
at variousconcepts.learnTestNG.loginTest(learnTestNG.java:93)
at variousconcepts.learnTestNG.loginTest(learnTestNG.java:93)
at variousconcepts.learnTestNG.loginTest(learnTestNG.java:93)
at variousconcepts.learnTestNG.loginTest(learnTestNG.java:93)
at variousconcepts.learnTestNG.loginTest(learnTestNG.java:93)
at variousconcepts.learnTestNG.loginTest(learnTestNG.java:93)
at variousconcepts.learnTestNG.loginTest(learnTestNG.java:93)
at variousconcepts.learnTestNG.loginTest(learnTestNG.java:93)
at variousconcepts.learnTestNG.loginTest(learnTestNG.java:93)
at variousconcepts.learnTestNG.loginTest(learnTestNG.java:93)
at variousconcepts.learnTestNG.loginTest(learnTestNG.java:93)
at variousconcepts.learnTestNG.loginTest(learnTestNG.java:93)
at variousconcepts.learnTestNG.loginTest(learnTestNG.java:93)
at variousconcepts.learnTestNG.loginTest(learnTestNG.java:93)
at variousconcepts.learnTestNG.loginTest(learnTestNG.java:93)
at variousconcepts.learnTestNG.loginTest(learnTestNG.java:93)
at variousconcepts.learnTestNG.loginTest(learnTestNG.java:93)
at variousconcepts.learnTestNG.loginTest(learnTestNG.java:93)
at variousconcepts.learnTestNG.loginTest(learnTestNG.java:93)
at variousconcepts.learnTestNG.loginTest(learnTestNG.java:93)
at variousconcepts.learnTestNG.loginTest(learnTestNG.java:93)
at variousconcepts.learnTestNG.loginTest(learnTestNG.java:93)
at variousconcepts.learnTestNG.loginTest(learnTestNG.java:93)
at variousconcepts.learnTestNG.loginTest(learnTestNG.java:93)
at variousconcepts.learnTestNG.loginTest(learnTestNG.java:93)
at variousconcepts.learnTestNG.loginTest(learnTestNG.java:93)
at variousconcepts.learnTestNG.loginTest(learnTestNG.java:93)
at variousconcepts.learnTestNG.loginTest(learnTestNG.java:93)
at variousconcepts.learnTestNG.loginTest(learnTestNG.java:93)
at variousconcepts.learnTestNG.loginTest(learnTestNG.java:93)
at variousconcepts.learnTestNG.loginTest(learnTestNG.java:93)
at variousconcepts.learnTestNG.loginTest(learnTestNG.java:93)
at variousconcepts.learnTestNG.loginTest(learnTestNG.java:93)
at variousconcepts.learnTestNG.loginTest(learnTestNG.java:93)
at variousconcepts.learnTestNG.loginTest(learnTestNG.java:93)
at variousconcepts.learnTestNG.loginTest(learnTestNG.java:93)
at variousconcepts.learnTestNG.loginTest(learnTestNG.java:93)
at variousconcepts.learnTestNG.loginTest(learnTestNG.java:93)
at variousconcepts.learnTestNG.loginTest(learnTestNG.java:93)
at variousconcepts.learnTestNG.loginTest(learnTestNG.java:93)
at variousconcepts.learnTestNG.loginTest(learnTestNG.java:93)
at variousconcepts.learnTestNG.loginTest(learnTestNG.java:93)
at variousconcepts.learnTestNG.loginTest(learnTestNG.java:93)
at variousconcepts.learnTestNG.loginTest(learnTestNG.java:93)
at variousconcepts.learnTestNG.loginTest(learnTestNG.java:93)
at variousconcepts.learnTestNG.loginTest(learnTestNG.java:93)
at variousconcepts.learnTestNG.loginTest(learnTestNG.java:93)
at variousconcepts.learnTestNG.loginTest(learnTestNG.java:93)
at variousconcepts.learnTestNG.loginTest(learnTestNG.java:93)
at variousconcepts.learnTestNG.loginTest(learnTestNG.java:93)
at variousconcepts.learnTestNG.loginTest(learnTestNG.java:93)
at variousconcepts.learnTestNG.loginTest(learnTestNG.java:93)
at variousconcepts.learnTestNG.loginTest(learnTestNG.java:93)
at variousconcepts.learnTestNG.loginTest(learnTestNG.java:93)
at variousconcepts.learnTestNG.loginTest(learnTestNG.java:93)
at variousconcepts.learnTestNG.loginTest(learnTestNG.java:93)
at variousconcepts.learnTestNG.loginTest(learnTestNG.java:93)
at variousconcepts.learnTestNG.loginTest(learnTestNG.java:93)
at variousconcepts.learnTestNG.loginTest(learnTestNG.java:93)
at variousconcepts.learnTestNG.loginTest(learnTestNG.java:93)
at variousconcepts.learnTestNG.loginTest(learnTestNG.java:93)
at variousconcepts.learnTestNG.loginTest(learnTestNG.java:93)
at variousconcepts.learnTestNG.loginTest(learnTestNG.java:93)
at variousconcepts.learnTestNG.loginTest(learnTestNG.java:93)
at variousconcepts.learnTestNG.loginTest(learnTestNG.java:93)
at variousconcepts.learnTestNG.loginTest(learnTestNG.java:93)
at variousconcepts.learnTestNG.loginTest(learnTestNG.java:93)
at variousconcepts.learnTestNG.loginTest(learnTestNG.java:93)
at variousconcepts.learnTestNG.loginTest(learnTestNG.java:93)
at variousconcepts.learnTestNG.loginTest(learnTestNG.java:93)
at variousconcepts.learnTestNG.loginTest(learnTestNG.java:93)
at variousconcepts.learnTestNG.loginTest(learnTestNG.java:93)
at variousconcepts.learnTestNG.loginTest(learnTestNG.java:93)
at variousconcepts.learnTestNG.loginTest(learnTestNG.java:93)
at variousconcepts.learnTestNG.loginTest(learnTestNG.java:93)
at variousconcepts.learnTestNG.loginTest(learnTestNG.java:93)
at variousconcepts.learnTestNG.loginTest(learnTestNG.java:93)
at variousconcepts.learnTestNG.loginTest(learnTestNG.java:93)
at variousconcepts.learnTestNG.loginTest(learnTestNG.java:93)
at variousconcepts.learnTestNG.loginTest(learnTestNG.java:93)
at variousconcepts.learnTestNG.loginTest(learnTestNG.java:93)
at variousconcepts.learnTestNG.loginTest(learnTestNG.java:93)
at variousconcepts.learnTestNG.loginTest(learnTestNG.java:93)
at variousconcepts.learnTestNG.loginTest(learnTestNG.java:93)
at variousconcepts.learnTestNG.loginTest(learnTestNG.java:93)
at variousconcepts.learnTestNG.loginTest(learnTestNG.java:93)
at variousconcepts.learnTestNG.loginTest(learnTestNG.java:93)
at variousconcepts.learnTestNG.loginTest(learnTestNG.java:93)
at variousconcepts.learnTestNG.loginTest(learnTestNG.java:93)
at variousconcepts.learnTestNG.loginTest(learnTestNG.java:93)
at variousconcepts.learnTestNG.loginTest(learnTestNG.java:93)
at variousconcepts.learnTestNG.loginTest(learnTestNG.java:93)
at variousconcepts.learnTestNG.loginTest(learnTestNG.java:93)
at variousconcepts.learnTestNG.loginTest(learnTestNG.java:93)
at variousconcepts.learnTestNG.loginTest(learnTestNG.java:93)
at variousconcepts.learnTestNG.loginTest(learnTestNG.java:93)
at variousconcepts.learnTestNG.loginTest(learnTestNG.java:93)
at variousconcepts.learnTestNG.loginTest(learnTestNG.java:93)
at variousconcepts.learnTestNG.loginTest(learnTestNG.java:93)
at variousconcepts.learnTestNG.loginTest(learnTestNG.java:93)
at variousconcepts.learnTestNG.loginTest(learnTestNG.java:93)
at variousconcepts.learnTestNG.loginTest(learnTestNG.java:93)
at variousconcepts.learnTestNG.loginTest(learnTestNG.java:93)
at variousconcepts.learnTestNG.loginTest(learnTestNG.java:93)
at variousconcepts.learnTestNG.loginTest(learnTestNG.java:93)
at variousconcepts.learnTestNG.loginTest(learnTestNG.java:93)
at variousconcepts.learnTestNG.loginTest(learnTestNG.java:93)
at variousconcepts.learnTestNG.loginTest(learnTestNG.java:93)
at variousconcepts.learnTestNG.loginTest(learnTestNG.java:93)
at variousconcepts.learnTestNG.loginTest(learnTestNG.java:93)
at variousconcepts.learnTestNG.loginTest(learnTestNG.java:93)
at variousconcepts.learnTestNG.loginTest(learnTestNG.java:93)
at variousconcepts.learnTestNG.loginTest(learnTestNG.java:93)
at variousconcepts.learnTestNG.loginTest(learnTestNG.java:93)
at variousconcepts.learnTestNG.loginTest(learnTestNG.java:93)
at variousconcepts.learnTestNG.loginTest(learnTestNG.java:93)
at variousconcepts.learnTestNG.loginTest(learnTestNG.java:93)
at variousconcepts.learnTestNG.loginTest(learnTestNG.java:93)
at variousconcepts.learnTestNG.loginTest(learnTestNG.java:93)
at variousconcepts.learnTestNG.loginTest(learnTestNG.java:93)
at variousconcepts.learnTestNG.loginTest(learnTestNG.java:93)
at variousconcepts.learnTestNG.loginTest(learnTestNG.java:93)
at variousconcepts.learnTestNG.loginTest(learnTestNG.java:93)
at variousconcepts.learnTestNG.loginTest(learnTestNG.java:93)
at variousconcepts.learnTestNG.loginTest(learnTestNG.java:93)
at variousconcepts.learnTestNG.loginTest(learnTestNG.java:93)
at variousconcepts.learnTestNG.loginTest(learnTestNG.java:93)
at variousconcepts.learnTestNG.loginTest(learnTestNG.java:93)
at variousconcepts.learnTestNG.loginTest(learnTestNG.java:93)
at variousconcepts.learnTestNG.loginTest(learnTestNG.java:93)
at variousconcepts.learnTestNG.loginTest(learnTestNG.java:93)
at variousconcepts.learnTestNG.loginTest(learnTestNG.java:93)
at variousconcepts.learnTestNG.loginTest(learnTestNG.java:93)
at variousconcepts.learnTestNG.loginTest(learnTestNG.java:93)
at variousconcepts.learnTestNG.loginTest(learnTestNG.java:93)
at variousconcepts.learnTestNG.loginTest(learnTestNG.java:93)
at variousconcepts.learnTestNG.loginTest(learnTestNG.java:93)
at variousconcepts.learnTestNG.loginTest(learnTestNG.java:93)
at variousconcepts.learnTestNG.loginTest(learnTestNG.java:93)
at variousconcepts.learnTestNG.loginTest(learnTestNG.java:93)
at variousconcepts.learnTestNG.loginTest(learnTestNG.java:93)
at variousconcepts.learnTestNG.loginTest(learnTestNG.java:93)
at variousconcepts.learnTestNG.loginTest(learnTestNG.java:93)
at variousconcepts.learnTestNG.loginTest(learnTestNG.java:93)
at variousconcepts.learnTestNG.loginTest(learnTestNG.java:93)
at variousconcepts.learnTestNG.loginTest(learnTestNG.java:93)
at variousconcepts.learnTestNG.loginTest(learnTestNG.java:93)
at variousconcepts.learnTestNG.loginTest(learnTestNG.java:93)
at variousconcepts.learnTestNG.loginTest(learnTestNG.java:93)
at variousconcepts.learnTestNG.loginTest(learnTestNG.java:93)
at variousconcepts.learnTestNG.loginTest(learnTestNG.java:93)
at variousconcepts.learnTestNG.loginTest(learnTestNG.java:93)
at variousconcepts.learnTestNG.loginTest(learnTestNG.java:93)
at variousconcepts.learnTestNG.loginTest(learnTestNG.java:93)
at variousconcepts.learnTestNG.loginTest(learnTestNG.java:93)
at variousconcepts.learnTestNG.loginTest(learnTestNG.java:93)
at variousconcepts.learnTestNG.loginTest(learnTestNG.java:93)
at variousconcepts.learnTestNG.loginTest(learnTestNG.java:93)
at variousconcepts.learnTestNG.loginTest(learnTestNG.java:93)
at variousconcepts.learnTestNG.loginTest(learnTestNG.java:93)
at variousconcepts.learnTestNG.loginTest(learnTestNG.java:93)
at variousconcepts.learnTestNG.loginTest(learnTestNG.java:93)
at variousconcepts.learnTestNG.loginTest(learnTestNG.java:93)
at variousconcepts.learnTestNG.loginTest(learnTestNG.java:93)
at variousconcepts.learnTestNG.loginTest(learnTestNG.java:93)
at variousconcepts.learnTestNG.loginTest(learnTestNG.java:93)
at variousconcepts.learnTestNG.loginTest(learnTestNG.java:93)
at variousconcepts.learnTestNG.loginTest(learnTestNG.java:93)
at variousconcepts.learnTestNG.loginTest(learnTestNG.java:93)
at variousconcepts.learnTestNG.loginTest(learnTestNG.java:93)
at variousconcepts.learnTestNG.loginTest(learnTestNG.java:93)
at variousconcepts.learnTestNG.loginTest(learnTestNG.java:93)
at variousconcepts.learnTestNG.loginTest(learnTestNG.java:93)
at variousconcepts.learnTestNG.loginTest(learnTestNG.java:93)
at variousconcepts.learnTestNG.loginTest(learnTestNG.java:93)
at variousconcepts.learnTestNG.loginTest(learnTestNG.java:93)
at variousconcepts.learnTestNG.loginTest(learnTestNG.java:93)
at variousconcepts.learnTestNG.loginTest(learnTestNG.java:93)
at variousconcepts.learnTestNG.loginTest(learnTestNG.java:93)
at variousconcepts.learnTestNG.loginTest(learnTestNG.java:93)
at variousconcepts.learnTestNG.loginTest(learnTestNG.java:93)
at variousconcepts.learnTestNG.loginTest(learnTestNG.java:93)
at variousconcepts.learnTestNG.loginTest(learnTestNG.java:93)
at variousconcepts.learnTestNG.loginTest(learnTestNG.java:93)
at variousconcepts.learnTestNG.loginTest(learnTestNG.java:93)
at variousconcepts.learnTestNG.loginTest(learnTestNG.java:93)
at variousconcepts.learnTestNG.loginTest(learnTestNG.java:93)
at variousconcepts.learnTestNG.loginTest(learnTestNG.java:93)
at variousconcepts.learnTestNG.loginTest(learnTestNG.java:93)
at variousconcepts.learnTestNG.loginTest(learnTestNG.java:93)
at variousconcepts.learnTestNG.loginTest(learnTestNG.java:93)
at variousconcepts.learnTestNG.loginTest(learnTestNG.java:93)
at variousconcepts.learnTestNG.loginTest(learnTestNG.java:93)
at variousconcepts.learnTestNG.loginTest(learnTestNG.java:93)
at variousconcepts.learnTestNG.loginTest(learnTestNG.java:93)
at variousconcepts.learnTestNG.loginTest(learnTestNG.java:93)
at variousconcepts.learnTestNG.loginTest(learnTestNG.java:93)
at variousconcepts.learnTestNG.loginTest(learnTestNG.java:93)
at variousconcepts.learnTestNG.loginTest(learnTestNG.java:93)
at variousconcepts.learnTestNG.loginTest(learnTestNG.java:93)
at variousconcepts.learnTestNG.loginTest(learnTestNG.java:93)
at variousconcepts.learnTestNG.loginTest(learnTestNG.java:93)
at variousconcepts.learnTestNG.loginTest(learnTestNG.java:93)
at variousconcepts.learnTestNG.loginTest(learnTestNG.java:93)
at variousconcepts.learnTestNG.loginTest(learnTestNG.java:93)
at variousconcepts.learnTestNG.loginTest(learnTestNG.java:93)
at variousconcepts.learnTestNG.loginTest(learnTestNG.java:93)
at variousconcepts.learnTestNG.loginTest(learnTestNG.java:93)
at variousconcepts.learnTestNG.loginTest(learnTestNG.java:93)
at variousconcepts.learnTestNG.loginTest(learnTestNG.java:93)
at variousconcepts.learnTestNG.loginTest(learnTestNG.java:93)
at variousconcepts.learnTestNG.loginTest(learnTestNG.java:93)
at variousconcepts.learnTestNG.loginTest(learnTestNG.java:93)
at variousconcepts.learnTestNG.loginTest(learnTestNG.java:93)
at variousconcepts.learnTestNG.loginTest(learnTestNG.java:93)
at variousconcepts.learnTestNG.loginTest(learnTestNG.java:93)
at variousconcepts.learnTestNG.loginTest(learnTestNG.java:93)
at variousconcepts.learnTestNG.loginTest(learnTestNG.java:93)
at variousconcepts.learnTestNG.loginTest(learnTestNG.java:93)
at variousconcepts.learnTestNG.loginTest(learnTestNG.java:93)
at variousconcepts.learnTestNG.loginTest(learnTestNG.java:93)
at variousconcepts.learnTestNG.loginTest(learnTestNG.java:93)
at variousconcepts.learnTestNG.loginTest(learnTestNG.java:93)
at variousconcepts.learnTestNG.loginTest(learnTestNG.java:93)
at variousconcepts.learnTestNG.loginTest(learnTestNG.java:93)
at variousconcepts.learnTestNG.loginTest(learnTestNG.java:93)
at variousconcepts.learnTestNG.loginTest(learnTestNG.java:93)
at variousconcepts.learnTestNG.loginTest(learnTestNG.java:93)
at variousconcepts.learnTestNG.loginTest(learnTestNG.java:93)
at variousconcepts.learnTestNG.loginTest(learnTestNG.java:93)
at variousconcepts.learnTestNG.loginTest(learnTestNG.java:93)
at variousconcepts.learnTestNG.loginTest(learnTestNG.java:93)
at variousconcepts.learnTestNG.loginTest(learnTestNG.java:93)
at variousconcepts.learnTestNG.loginTest(learnTestNG.java:93)
at variousconcepts.learnTestNG.loginTest(learnTestNG.java:93)
at variousconcepts.learnTestNG.loginTest(learnTestNG.java:93)
at variousconcepts.learnTestNG.loginTest(learnTestNG.java:93)
at variousconcepts.learnTestNG.loginTest(learnTestNG.java:93)
at variousconcepts.learnTestNG.loginTest(learnTestNG.java:93)
at variousconcepts.learnTestNG.loginTest(learnTestNG.java:93)
at variousconcepts.learnTestNG.loginTest(learnTestNG.java:93)
at variousconcepts.learnTestNG.loginTest(learnTestNG.java:93)
at variousconcepts.learnTestNG.loginTest(learnTestNG.java:93)
at variousconcepts.learnTestNG.loginTest(learnTestNG.java:93)
at variousconcepts.learnTestNG.loginTest(learnTestNG.java:93)
at variousconcepts.learnTestNG.loginTest(learnTestNG.java:93)
at variousconcepts.learnTestNG.loginTest(learnTestNG.java:93)
at variousconcepts.learnTestNG.loginTest(learnTestNG.java:93)
at variousconcepts.learnTestNG.loginTest(learnTestNG.java:93)
at variousconcepts.learnTestNG.loginTest(learnTestNG.java:93)
at variousconcepts.learnTestNG.loginTest(learnTestNG.java:93)
at variousconcepts.learnTestNG.loginTest(learnTestNG.java:93)
at variousconcepts.learnTestNG.loginTest(learnTestNG.java:93)
at variousconcepts.learnTestNG.loginTest(learnTestNG.java:93)
at variousconcepts.learnTestNG.loginTest(learnTestNG.java:93)
at variousconcepts.learnTestNG.loginTest(learnTestNG.java:93)
at variousconcepts.learnTestNG.loginTest(learnTestNG.java:93)
at variousconcepts.learnTestNG.loginTest(learnTestNG.java:93)
at variousconcepts.learnTestNG.loginTest(learnTestNG.java:93)
at variousconcepts.learnTestNG.loginTest(learnTestNG.java:93)
at variousconcepts.learnTestNG.loginTest(learnTestNG.java:93)
at variousconcepts.learnTestNG.loginTest(learnTestNG.java:93)
at variousconcepts.learnTestNG.loginTest(learnTestNG.java:93)
at variousconcepts.learnTestNG.loginTest(learnTestNG.java:93)
at variousconcepts.learnTestNG.loginTest(learnTestNG.java:93)
at variousconcepts.learnTestNG.loginTest(learnTestNG.java:93)
at variousconcepts.learnTestNG.loginTest(learnTestNG.java:93)
at variousconcepts.learnTestNG.loginTest(learnTestNG.java:93)
at variousconcepts.learnTestNG.loginTest(learnTestNG.java:93)
at variousconcepts.learnTestNG.loginTest(learnTestNG.java:93)
at variousconcepts.learnTestNG.loginTest(learnTestNG.java:93)
at variousconcepts.learnTestNG.loginTest(learnTestNG.java:93)
at variousconcepts.learnTestNG.loginTest(learnTestNG.java:93)
at variousconcepts.learnTestNG.loginTest(learnTestNG.java:93)
at variousconcepts.learnTestNG.loginTest(learnTestNG.java:93)
at variousconcepts.learnTestNG.loginTest(learnTestNG.java:93)
at variousconcepts.learnTestNG.loginTest(learnTestNG.java:93)
at variousconcepts.learnTestNG.loginTest(learnTestNG.java:93)
at variousconcepts.learnTestNG.loginTest(learnTestNG.java:93)
at variousconcepts.learnTestNG.loginTest(learnTestNG.java:93)
at variousconcepts.learnTestNG.loginTest(learnTestNG.java:93)
at variousconcepts.learnTestNG.loginTest(learnTestNG.java:93)
at variousconcepts.learnTestNG.loginTest(learnTestNG.java:93)
at variousconcepts.learnTestNG.loginTest(learnTestNG.java:93)
at variousconcepts.learnTestNG.loginTest(learnTestNG.java:93)
at variousconcepts.learnTestNG.loginTest(learnTestNG.java:93)
at variousconcepts.learnTestNG.loginTest(learnTestNG.java:93)
at variousconcepts.learnTestNG.loginTest(learnTestNG.java:93)
at variousconcepts.learnTestNG.loginTest(learnTestNG.java:93)
at variousconcepts.learnTestNG.loginTest(learnTestNG.java:93)
at variousconcepts.learnTestNG.loginTest(learnTestNG.java:93)
at variousconcepts.learnTestNG.loginTest(learnTestNG.java:93)
at variousconcepts.learnTestNG.loginTest(learnTestNG.java:93)
at variousconcepts.learnTestNG.loginTest(learnTestNG.java:93)
at variousconcepts.learnTestNG.loginTest(learnTestNG.java:93)
at variousconcepts.learnTestNG.loginTest(learnTestNG.java:93)
at variousconcepts.learnTestNG.loginTest(learnTestNG.java:93)
at variousconcepts.learnTestNG.loginTest(learnTestNG.java:93)
at variousconcepts.learnTestNG.loginTest(learnTestNG.java:93)
at variousconcepts.learnTestNG.loginTest(learnTestNG.java:93)
at variousconcepts.learnTestNG.loginTest(learnTestNG.java:93)
at variousconcepts.learnTestNG.loginTest(learnTestNG.java:93)
at variousconcepts.learnTestNG.loginTest(learnTestNG.java:93)
at variousconcepts.learnTestNG.loginTest(learnTestNG.java:93)
at variousconcepts.learnTestNG.loginTest(learnTestNG.java:93)
at variousconcepts.learnTestNG.loginTest(learnTestNG.java:93)
at variousconcepts.learnTestNG.loginTest(learnTestNG.java:93)
at variousconcepts.learnTestNG.loginTest(learnTestNG.java:93)
at variousconcepts.learnTestNG.loginTest(learnTestNG.java:93)
at variousconcepts.learnTestNG.loginTest(learnTestNG.java:93)
at variousconcepts.learnTestNG.loginTest(learnTestNG.java:93)
at variousconcepts.learnTestNG.loginTest(learnTestNG.java:93)
at variousconcepts.learnTestNG.loginTest(learnTestNG.java:93)
at variousconcepts.learnTestNG.loginTest(learnTestNG.java:93)
at variousconcepts.learnTestNG.loginTest(learnTestNG.java:93)
at variousconcepts.learnTestNG.loginTest(learnTestNG.java:93)
at variousconcepts.learnTestNG.loginTest(learnTestNG.java:93)
at variousconcepts.learnTestNG.loginTest(learnTestNG.java:93)
at variousconcepts.learnTestNG.loginTest(learnTestNG.java:93)
at variousconcepts.learnTestNG.loginTest(learnTestNG.java:93)
at variousconcepts.learnTestNG.loginTest(learnTestNG.java:93)
at variousconcepts.learnTestNG.loginTest(learnTestNG.java:93)
at variousconcepts.learnTestNG.loginTest(learnTestNG.java:93)
at variousconcepts.learnTestNG.loginTest(learnTestNG.java:93)
at variousconcepts.learnTestNG.loginTest(learnTestNG.java:93)
at variousconcepts.learnTestNG.loginTest(learnTestNG.java:93)
at variousconcepts.learnTestNG.loginTest(learnTestNG.java:93)
at variousconcepts.learnTestNG.loginTest(learnTestNG.java:93)
at variousconcepts.learnTestNG.loginTest(learnTestNG.java:93)
at variousconcepts.learnTestNG.loginTest(learnTestNG.java:93)
at variousconcepts.learnTestNG.loginTest(learnTestNG.java:93)
at variousconcepts.learnTestNG.loginTest(learnTestNG.java:93)
at variousconcepts.learnTestNG.loginTest(learnTestNG.java:93)
at variousconcepts.learnTestNG.loginTest(learnTestNG.java:93)
at variousconcepts.learnTestNG.loginTest(learnTestNG.java:93)
at variousconcepts.learnTestNG.loginTest(learnTestNG.java:93)
at variousconcepts.learnTestNG.loginTest(learnTestNG.java:93)
at variousconcepts.learnTestNG.loginTest(learnTestNG.java:93)
at variousconcepts.learnTestNG.loginTest(learnTestNG.java:93)
at variousconcepts.learnTestNG.loginTest(learnTestNG.java:93)
at variousconcepts.learnTestNG.loginTest(learnTestNG.java:93)
at variousconcepts.learnTestNG.loginTest(learnTestNG.java:93)
at variousconcepts.learnTestNG.loginTest(learnTestNG.java:93)
at variousconcepts.learnTestNG.loginTest(learnTestNG.java:93)
at variousconcepts.learnTestNG.loginTest(learnTestNG.java:93)
at variousconcepts.learnTestNG.loginTest(learnTestNG.java:93)
at variousconcepts.learnTestNG.loginTest(learnTestNG.java:93)
at variousconcepts.learnTestNG.loginTest(learnTestNG.java:93)
at variousconcepts.learnTestNG.loginTest(learnTestNG.java:93)
at variousconcepts.learnTestNG.loginTest(learnTestNG.java:93)
at variousconcepts.learnTestNG.loginTest(learnTestNG.java:93)
at variousconcepts.learnTestNG.loginTest(learnTestNG.java:93)
at variousconcepts.learnTestNG.loginTest(learnTestNG.java:93)
at variousconcepts.learnTestNG.loginTest(learnTestNG.java:93)
at variousconcepts.learnTestNG.loginTest(learnTestNG.java:93)
at variousconcepts.learnTestNG.loginTest(learnTestNG.java:93)
at variousconcepts.learnTestNG.loginTest(learnTestNG.java:93)
at variousconcepts.learnTestNG.loginTest(learnTestNG.java:93)
at variousconcepts.learnTestNG.loginTest(learnTestNG.java:93)
at variousconcepts.learnTestNG.loginTest(learnTestNG.java:93)
at variousconcepts.learnTestNG.loginTest(learnTestNG.java:93)
at variousconcepts.learnTestNG.loginTest(learnTestNG.java:93)
at variousconcepts.learnTestNG.loginTest(learnTestNG.java:93)
at variousconcepts.learnTestNG.loginTest(learnTestNG.java:93)
at variousconcepts.learnTestNG.loginTest(learnTestNG.java:93)
at variousconcepts.learnTestNG.loginTest(learnTestNG.java:93)
at variousconcepts.learnTestNG.loginTest(learnTestNG.java:93)
at variousconcepts.learnTestNG.loginTest(learnTestNG.java:93)
at variousconcepts.learnTestNG.loginTest(learnTestNG.java:93)
at variousconcepts.learnTestNG.loginTest(learnTestNG.java:93)
at variousconcepts.learnTestNG.loginTest(learnTestNG.java:93)
at variousconcepts.learnTestNG.loginTest(learnTestNG.java:93)
at variousconcepts.learnTestNG.loginTest(learnTestNG.java:93)
]]>
    </error>
  </testcase> <!-- loginTest -->
  <system-out/>
</testsuite> <!-- variousconcepts.learnTestNG -->
